<?xml version="1.0" encoding="UTF-8"?>
<!-- Generated by org.testng.reporters.JUnitReportReporter -->
<testsuite hostname="SSALAMEH-PC" failures="0" tests="2" name="com.GarentHill.com.FirstTest" time="0.103" errors="0" timestamp="2020-03-05T16:54:19 EET" skipped="0">
  <testcase classname="com.GarentHill.com.FirstTest" name="testDisplay" time="0.068"/>
  <testcase classname="com.GarentHill.com.FirstTest" name="testHeader" time="0.035"/>
</testsuite> <!-- com.GarentHill.com.FirstTest -->
